中证800 PE-TTM value: 13.38
Bond Yields value: 2.8977
convertible Bond value: 123.998
股市吸引力指数: 2.579, 黄金机会
可转债吸引力指数: 123.998, 泡沫期
中证800 PE-TTM: 13.5
中国十年期国债收益率: 2.8977
可转债中位数价格: 124.172
股市吸引力指数: 2.556, 黄金机会
可转债吸引力指数: 124.172, 泡沫期
the email was sent successfully !!!
中证800 PE-TTM: 13.5
中国十年期国债收益率: 2.8977
可转债中位数价格: 124.172
股市吸引力指数: 2.556, 黄金机会
可转债吸引力指数: 124.172, 泡沫期
the email was sent successfully !!!
中证800 PE-TTM: 13.5
中国十年期国债收益率: 2.9101
可转债中位数价格: 124.887
股市吸引力指数: 2.545, 黄金机会
可转债吸引力指数: 124.887, 泡沫期
the email was sent successfully !!!
